<?xml version="1.0" encoding="UTF-8"?>
<!-- Generated by org.testng.reporters.JUnitXMLReporter -->
<testsuite ignored="0" hostname="NAGASAI" failures="0" tests="31" name="Test" time="191.427" errors="0" timestamp="2025-09-08T19:40:24 IST">
  <testcase classname="tests.ProductTest" name="testAddMultipleProductsToCart" time="0.476"/>
  <testcase classname="tests.ProductTest" name="testAddProductToCart" time="0.255"/>
  <testcase classname="tests.ProductTest" name="testClickProductDetailsPage" time="0.246"/>
  <testcase classname="tests.ProductTest" name="testProductListingPage" time="0.154"/>
  <testcase classname="tests.ProductTest" name="testProductNamesAndPricesDisplayed" time="0.082"/>
  <testcase classname="tests.ProductTest" name="testRemoveProductFromCart" time="0.51"/>
  <testcase classname="tests.ProductTest" name="testSortingOptions" time="0.69"/>
  <testcase classname="tests.LoginTest" name="testEmptyCredentials" time="0.711"/>
  <testcase classname="tests.LoginTest" name="testErrorMessageText" time="0.814"/>
  <testcase classname="tests.LoginTest" name="testInvalidCredentials" time="1.034"/>
  <testcase classname="tests.LoginTest" name="testLockedOutUser" time="0.885"/>
  <testcase classname="tests.LoginTest" name="testLogoutFunctionality" time="1.433"/>
  <testcase classname="tests.LoginTest" name="testPerformanceGlitchUserLogin" time="5.931"/>
  <testcase classname="tests.LoginTest" name="testProblemUserLogin" time="2.424"/>
  <testcase classname="tests.LoginTest" name="testValidLoginStandardUser" time="0.864"/>
  <testcase classname="tests.CartTest" name="testContinueShoppingFromCart" time="0.622"/>
  <testcase classname="tests.CartTest" name="testProceedToCheckout" time="0.533"/>
  <testcase classname="tests.CartTest" name="testRemoveItemFromCart" time="10.546"/>
  <testcase classname="tests.CartTest" name="testVerifyCartItems" time="0.642"/>
  <testcase classname="tests.CheckoutTest" name="testBackHomeFromCheckoutComplete" time="0.843"/>
  <testcase classname="tests.CheckoutTest" name="testCancelCheckout" time="0.712"/>
  <testcase classname="tests.CheckoutTest" name="testCompleteCheckoutValidData" time="0.726"/>
  <testcase classname="tests.CheckoutTest" name="testEmptyFirstName" time="0.425"/>
  <testcase classname="tests.CheckoutTest" name="testEmptyPostalCode" time="0.48"/>
  <testcase classname="tests.CheckoutTest" name="testOrderConfirmationPage" time="0.73"/>
  <testcase classname="tests.CheckoutTest" name="testOrderSummaryValidation" time="0.687"/>
  <testcase classname="tests.UITest" name="testBurgerMenuPresence" time="0.062"/>
  <testcase classname="tests.UITest" name="testFooterLinksAndIcons" time="0.172"/>
  <testcase classname="tests.UITest" name="testLogoutFromBurgerMenu" time="0.475"/>
  <testcase classname="tests.UITest" name="testNavigateToAbout" time="5.241"/>
  <testcase classname="tests.UITest" name="testResetAppState" time="1.115"/>
</testsuite> <!-- Test -->
