<?xml version="1.0" encoding="UTF-8"?>
<testng-results ignored="0" total="31" passed="31" failed="0" skipped="0">
  <reporter-output>
  </reporter-output>
  <suite started-at="2025-09-08T19:37:12 IST" name="Suite" finished-at="2025-09-08T19:40:23 IST" duration-ms="191427">
    <groups>
    </groups>
    <test started-at="2025-09-08T19:37:12 IST" name="Test" finished-at="2025-09-08T19:40:23 IST" duration-ms="191427">
      <class name="tests.LoginTest">
        <test-method is-config="true" signature="setUp()[pri:0, instance:tests.LoginTest@353352b6]" started-at="2025-09-08T19:37:48 IST" name="setUp" finished-at="2025-09-08T19:37:50 IST" duration-ms="1631" status="PASS">
          <reporter-output>
          </reporter-output>
        </test-method> <!-- setUp -->
        <test-method is-config="true" signature="setUpTest()[pri:0, instance:tests.LoginTest@353352b6]" started-at="2025-09-08T19:37:50 IST" name="setUpTest" finished-at="2025-09-08T19:37:51 IST" duration-ms="1106" status="PASS">
          <reporter-output>
          </reporter-output>
        </test-method> <!-- setUpTest -->
        <test-method signature="testEmptyCredentials()[pri:0, instance:tests.LoginTest@353352b6]" started-at="2025-09-08T19:37:51 IST" name="testEmptyCredentials" finished-at="2025-09-08T19:37:51 IST" duration-ms="711" status="PASS">
          <reporter-output>
          </reporter-output>
        </test-method> <!-- testEmptyCredentials -->
        <test-method is-config="true" signature="tearDown()[pri:0, instance:tests.LoginTest@353352b6]" started-at="2025-09-08T19:37:51 IST" name="tearDown" finished-at="2025-09-08T19:37:52 IST" duration-ms="308" status="PASS">
          <reporter-output>
          </reporter-output>
        </test-method> <!-- tearDown -->
        <test-method is-config="true" signature="setUp()[pri:0, instance:tests.LoginTest@353352b6]" started-at="2025-09-08T19:37:52 IST" name="setUp" finished-at="2025-09-08T19:37:53 IST" duration-ms="1799" status="PASS">
          <reporter-output>
          </reporter-output>
        </test-method> <!-- setUp -->
        <test-method is-config="true" signature="setUpTest()[pri:0, instance:tests.LoginTest@353352b6]" started-at="2025-09-08T19:37:53 IST" name="setUpTest" finished-at="2025-09-08T19:37:54 IST" duration-ms="650" status="PASS">
          <reporter-output>
          </reporter-output>
        </test-method> <!-- setUpTest -->
        <test-method signature="testErrorMessageText()[pri:0, instance:tests.LoginTest@353352b6]" started-at="2025-09-08T19:37:54 IST" name="testErrorMessageText" finished-at="2025-09-08T19:37:55 IST" duration-ms="814" status="PASS">
          <reporter-output>
          </reporter-output>
        </test-method> <!-- testErrorMessageText -->
        <test-method is-config="true" signature="tearDown()[pri:0, instance:tests.LoginTest@353352b6]" started-at="2025-09-08T19:37:55 IST" name="tearDown" finished-at="2025-09-08T19:37:55 IST" duration-ms="310" status="PASS">
          <reporter-output>
          </reporter-output>
        </test-method> <!-- tearDown -->
        <test-method is-config="true" signature="setUp()[pri:0, instance:tests.LoginTest@353352b6]" started-at="2025-09-08T19:37:55 IST" name="setUp" finished-at="2025-09-08T19:37:57 IST" duration-ms="1698" status="PASS">
          <reporter-output>
          </reporter-output>
        </test-method> <!-- setUp -->
        <test-method is-config="true" signature="setUpTest()[pri:0, instance:tests.LoginTest@353352b6]" started-at="2025-09-08T19:37:57 IST" name="setUpTest" finished-at="2025-09-08T19:37:58 IST" duration-ms="846" status="PASS">
          <reporter-output>
          </reporter-output>
        </test-method> <!-- setUpTest -->
        <test-method signature="testInvalidCredentials()[pri:0, instance:tests.LoginTest@353352b6]" started-at="2025-09-08T19:37:58 IST" name="testInvalidCredentials" finished-at="2025-09-08T19:37:59 IST" duration-ms="1034" status="PASS">
          <reporter-output>
          </reporter-output>
        </test-method> <!-- testInvalidCredentials -->
        <test-method is-config="true" signature="tearDown()[pri:0, instance:tests.LoginTest@353352b6]" started-at="2025-09-08T19:37:59 IST" name="tearDown" finished-at="2025-09-08T19:37:59 IST" duration-ms="461" status="PASS">
          <reporter-output>
          </reporter-output>
        </test-method> <!-- tearDown -->
        <test-method is-config="true" signature="setUp()[pri:0, instance:tests.LoginTest@353352b6]" started-at="2025-09-08T19:37:59 IST" name="setUp" finished-at="2025-09-08T19:38:01 IST" duration-ms="1869" status="PASS">
          <reporter-output>
          </reporter-output>
        </test-method> <!-- setUp -->
        <test-method is-config="true" signature="setUpTest()[pri:0, instance:tests.LoginTest@353352b6]" started-at="2025-09-08T19:38:01 IST" name="setUpTest" finished-at="2025-09-08T19:38:02 IST" duration-ms="731" status="PASS">
          <reporter-output>
          </reporter-output>
        </test-method> <!-- setUpTest -->
        <test-method signature="testLockedOutUser()[pri:0, instance:tests.LoginTest@353352b6]" started-at="2025-09-08T19:38:02 IST" name="testLockedOutUser" finished-at="2025-09-08T19:38:03 IST" duration-ms="885" status="PASS">
          <reporter-output>
          </reporter-output>
        </test-method> <!-- testLockedOutUser -->
        <test-method is-config="true" signature="tearDown()[pri:0, instance:tests.LoginTest@353352b6]" started-at="2025-09-08T19:38:03 IST" name="tearDown" finished-at="2025-09-08T19:38:03 IST" duration-ms="306" status="PASS">
          <reporter-output>
          </reporter-output>
        </test-method> <!-- tearDown -->
        <test-method is-config="true" signature="setUp()[pri:0, instance:tests.LoginTest@353352b6]" started-at="2025-09-08T19:38:03 IST" name="setUp" finished-at="2025-09-08T19:38:05 IST" duration-ms="1627" status="PASS">
          <reporter-output>
          </reporter-output>
        </test-method> <!-- setUp -->
        <test-method is-config="true" signature="setUpTest()[pri:0, instance:tests.LoginTest@353352b6]" started-at="2025-09-08T19:38:05 IST" name="setUpTest" finished-at="2025-09-08T19:38:06 IST" duration-ms="1580" status="PASS">
          <reporter-output>
          </reporter-output>
        </test-method> <!-- setUpTest -->
        <test-method signature="testLogoutFunctionality()[pri:0, instance:tests.LoginTest@353352b6]" started-at="2025-09-08T19:38:06 IST" name="testLogoutFunctionality" finished-at="2025-09-08T19:38:08 IST" duration-ms="1433" status="PASS">
          <reporter-output>
          </reporter-output>
        </test-method> <!-- testLogoutFunctionality -->
        <test-method is-config="true" signature="tearDown()[pri:0, instance:tests.LoginTest@353352b6]" started-at="2025-09-08T19:38:08 IST" name="tearDown" finished-at="2025-09-08T19:38:08 IST" duration-ms="290" status="PASS">
          <reporter-output>
          </reporter-output>
        </test-method> <!-- tearDown -->
        <test-method is-config="true" signature="setUp()[pri:0, instance:tests.LoginTest@353352b6]" started-at="2025-09-08T19:38:08 IST" name="setUp" finished-at="2025-09-08T19:38:10 IST" duration-ms="1672" status="PASS">
          <reporter-output>
          </reporter-output>
        </test-method> <!-- setUp -->
        <test-method is-config="true" signature="setUpTest()[pri:0, instance:tests.LoginTest@353352b6]" started-at="2025-09-08T19:38:10 IST" name="setUpTest" finished-at="2025-09-08T19:38:10 IST" duration-ms="658" status="PASS">
          <reporter-output>
          </reporter-output>
        </test-method> <!-- setUpTest -->
        <test-method signature="testPerformanceGlitchUserLogin()[pri:0, instance:tests.LoginTest@353352b6]" started-at="2025-09-08T19:38:10 IST" name="testPerformanceGlitchUserLogin" finished-at="2025-09-08T19:38:16 IST" duration-ms="5931" status="PASS">
          <reporter-output>
          </reporter-output>
        </test-method> <!-- testPerformanceGlitchUserLogin -->
        <test-method is-config="true" signature="tearDown()[pri:0, instance:tests.LoginTest@353352b6]" started-at="2025-09-08T19:38:16 IST" name="tearDown" finished-at="2025-09-08T19:38:17 IST" duration-ms="299" status="PASS">
          <reporter-output>
          </reporter-output>
        </test-method> <!-- tearDown -->
        <test-method is-config="true" signature="setUp()[pri:0, instance:tests.LoginTest@353352b6]" started-at="2025-09-08T19:38:17 IST" name="setUp" finished-at="2025-09-08T19:38:19 IST" duration-ms="2349" status="PASS">
          <reporter-output>
          </reporter-output>
        </test-method> <!-- setUp -->
        <test-method is-config="true" signature="setUpTest()[pri:0, instance:tests.LoginTest@353352b6]" started-at="2025-09-08T19:38:19 IST" name="setUpTest" finished-at="2025-09-08T19:38:21 IST" duration-ms="2491" status="PASS">
          <reporter-output>
          </reporter-output>
        </test-method> <!-- setUpTest -->
        <test-method signature="testProblemUserLogin()[pri:0, instance:tests.LoginTest@353352b6]" started-at="2025-09-08T19:38:21 IST" name="testProblemUserLogin" finished-at="2025-09-08T19:38:24 IST" duration-ms="2424" status="PASS">
          <reporter-output>
          </reporter-output>
        </test-method> <!-- testProblemUserLogin -->
        <test-method is-config="true" signature="tearDown()[pri:0, instance:tests.LoginTest@353352b6]" started-at="2025-09-08T19:38:24 IST" name="tearDown" finished-at="2025-09-08T19:38:24 IST" duration-ms="359" status="PASS">
          <reporter-output>
          </reporter-output>
        </test-method> <!-- tearDown -->
        <test-method is-config="true" signature="setUp()[pri:0, instance:tests.LoginTest@353352b6]" started-at="2025-09-08T19:38:24 IST" name="setUp" finished-at="2025-09-08T19:38:26 IST" duration-ms="1671" status="PASS">
          <reporter-output>
          </reporter-output>
        </test-method> <!-- setUp -->
        <test-method is-config="true" signature="setUpTest()[pri:0, instance:tests.LoginTest@353352b6]" started-at="2025-09-08T19:38:26 IST" name="setUpTest" finished-at="2025-09-08T19:38:28 IST" duration-ms="2331" status="PASS">
          <reporter-output>
          </reporter-output>
        </test-method> <!-- setUpTest -->
        <test-method signature="testValidLoginStandardUser()[pri:0, instance:tests.LoginTest@353352b6]" started-at="2025-09-08T19:38:28 IST" name="testValidLoginStandardUser" finished-at="2025-09-08T19:38:29 IST" duration-ms="864" status="PASS">
          <reporter-output>
          </reporter-output>
        </test-method> <!-- testValidLoginStandardUser -->
        <test-method is-config="true" signature="tearDown()[pri:0, instance:tests.LoginTest@353352b6]" started-at="2025-09-08T19:38:29 IST" name="tearDown" finished-at="2025-09-08T19:38:29 IST" duration-ms="296" status="PASS">
          <reporter-output>
          </reporter-output>
        </test-method> <!-- tearDown -->
      </class> <!-- tests.LoginTest -->
      <class name="tests.UITest">
        <test-method is-config="true" signature="setUp()[pri:0, instance:tests.UITest@402c4085]" started-at="2025-09-08T19:39:55 IST" name="setUp" finished-at="2025-09-08T19:39:57 IST" duration-ms="1818" status="PASS">
          <reporter-output>
          </reporter-output>
        </test-method> <!-- setUp -->
        <test-method is-config="true" signature="setUpTest()[pri:0, instance:tests.UITest@402c4085]" started-at="2025-09-08T19:39:57 IST" name="setUpTest" finished-at="2025-09-08T19:40:00 IST" duration-ms="3062" status="PASS">
          <reporter-output>
          </reporter-output>
        </test-method> <!-- setUpTest -->
        <test-method signature="testBurgerMenuPresence()[pri:0, instance:tests.UITest@402c4085]" started-at="2025-09-08T19:40:00 IST" name="testBurgerMenuPresence" finished-at="2025-09-08T19:40:00 IST" duration-ms="62" status="PASS">
          <reporter-output>
          </reporter-output>
        </test-method> <!-- testBurgerMenuPresence -->
        <test-method is-config="true" signature="tearDown()[pri:0, instance:tests.UITest@402c4085]" started-at="2025-09-08T19:40:00 IST" name="tearDown" finished-at="2025-09-08T19:40:00 IST" duration-ms="304" status="PASS">
          <reporter-output>
          </reporter-output>
        </test-method> <!-- tearDown -->
        <test-method is-config="true" signature="setUp()[pri:0, instance:tests.UITest@402c4085]" started-at="2025-09-08T19:40:00 IST" name="setUp" finished-at="2025-09-08T19:40:02 IST" duration-ms="1820" status="PASS">
          <reporter-output>
          </reporter-output>
        </test-method> <!-- setUp -->
        <test-method is-config="true" signature="setUpTest()[pri:0, instance:tests.UITest@402c4085]" started-at="2025-09-08T19:40:02 IST" name="setUpTest" finished-at="2025-09-08T19:40:04 IST" duration-ms="1540" status="PASS">
          <reporter-output>
          </reporter-output>
        </test-method> <!-- setUpTest -->
        <test-method signature="testFooterLinksAndIcons()[pri:0, instance:tests.UITest@402c4085]" started-at="2025-09-08T19:40:04 IST" name="testFooterLinksAndIcons" finished-at="2025-09-08T19:40:04 IST" duration-ms="172" status="PASS">
          <reporter-output>
          </reporter-output>
        </test-method> <!-- testFooterLinksAndIcons -->
        <test-method is-config="true" signature="tearDown()[pri:0, instance:tests.UITest@402c4085]" started-at="2025-09-08T19:40:04 IST" name="tearDown" finished-at="2025-09-08T19:40:04 IST" duration-ms="300" status="PASS">
          <reporter-output>
          </reporter-output>
        </test-method> <!-- tearDown -->
        <test-method is-config="true" signature="setUp()[pri:0, instance:tests.UITest@402c4085]" started-at="2025-09-08T19:40:04 IST" name="setUp" finished-at="2025-09-08T19:40:06 IST" duration-ms="1711" status="PASS">
          <reporter-output>
          </reporter-output>
        </test-method> <!-- setUp -->
        <test-method is-config="true" signature="setUpTest()[pri:0, instance:tests.UITest@402c4085]" started-at="2025-09-08T19:40:06 IST" name="setUpTest" finished-at="2025-09-08T19:40:07 IST" duration-ms="1510" status="PASS">
          <reporter-output>
          </reporter-output>
        </test-method> <!-- setUpTest -->
        <test-method signature="testLogoutFromBurgerMenu()[pri:0, instance:tests.UITest@402c4085]" started-at="2025-09-08T19:40:07 IST" name="testLogoutFromBurgerMenu" finished-at="2025-09-08T19:40:08 IST" duration-ms="475" status="PASS">
          <reporter-output>
          </reporter-output>
        </test-method> <!-- testLogoutFromBurgerMenu -->
        <test-method is-config="true" signature="tearDown()[pri:0, instance:tests.UITest@402c4085]" started-at="2025-09-08T19:40:08 IST" name="tearDown" finished-at="2025-09-08T19:40:08 IST" duration-ms="366" status="PASS">
          <reporter-output>
          </reporter-output>
        </test-method> <!-- tearDown -->
        <test-method is-config="true" signature="setUp()[pri:0, instance:tests.UITest@402c4085]" started-at="2025-09-08T19:40:08 IST" name="setUp" finished-at="2025-09-08T19:40:10 IST" duration-ms="1741" status="PASS">
          <reporter-output>
          </reporter-output>
        </test-method> <!-- setUp -->
        <test-method is-config="true" signature="setUpTest()[pri:0, instance:tests.UITest@402c4085]" started-at="2025-09-08T19:40:10 IST" name="setUpTest" finished-at="2025-09-08T19:40:12 IST" duration-ms="1612" status="PASS">
          <reporter-output>
          </reporter-output>
        </test-method> <!-- setUpTest -->
        <test-method signature="testNavigateToAbout()[pri:0, instance:tests.UITest@402c4085]" started-at="2025-09-08T19:40:12 IST" name="testNavigateToAbout" finished-at="2025-09-08T19:40:17 IST" duration-ms="5241" status="PASS">
          <reporter-output>
          </reporter-output>
        </test-method> <!-- testNavigateToAbout -->
        <test-method is-config="true" signature="tearDown()[pri:0, instance:tests.UITest@402c4085]" started-at="2025-09-08T19:40:17 IST" name="tearDown" finished-at="2025-09-08T19:40:17 IST" duration-ms="450" status="PASS">
          <reporter-output>
          </reporter-output>
        </test-method> <!-- tearDown -->
        <test-method is-config="true" signature="setUp()[pri:0, instance:tests.UITest@402c4085]" started-at="2025-09-08T19:40:17 IST" name="setUp" finished-at="2025-09-08T19:40:19 IST" duration-ms="1685" status="PASS">
          <reporter-output>
          </reporter-output>
        </test-method> <!-- setUp -->
        <test-method is-config="true" signature="setUpTest()[pri:0, instance:tests.UITest@402c4085]" started-at="2025-09-08T19:40:19 IST" name="setUpTest" finished-at="2025-09-08T19:40:22 IST" duration-ms="2888" status="PASS">
          <reporter-output>
          </reporter-output>
        </test-method> <!-- setUpTest -->
        <test-method signature="testResetAppState()[pri:0, instance:tests.UITest@402c4085]" started-at="2025-09-08T19:40:22 IST" name="testResetAppState" finished-at="2025-09-08T19:40:23 IST" duration-ms="1115" status="PASS">
          <reporter-output>
          </reporter-output>
        </test-method> <!-- testResetAppState -->
        <test-method is-config="true" signature="tearDown()[pri:0, instance:tests.UITest@402c4085]" started-at="2025-09-08T19:40:23 IST" name="tearDown" finished-at="2025-09-08T19:40:23 IST" duration-ms="302" status="PASS">
          <reporter-output>
          </reporter-output>
        </test-method> <!-- tearDown -->
      </class> <!-- tests.UITest -->
      <class name="tests.CartTest">
        <test-method is-config="true" signature="setUp()[pri:0, instance:tests.CartTest@4681c175]" started-at="2025-09-08T19:38:29 IST" name="setUp" finished-at="2025-09-08T19:38:31 IST" duration-ms="1726" status="PASS">
          <reporter-output>
          </reporter-output>
        </test-method> <!-- setUp -->
        <test-method is-config="true" signature="setUpTest()[pri:0, instance:tests.CartTest@4681c175]" started-at="2025-09-08T19:38:31 IST" name="setUpTest" finished-at="2025-09-08T19:38:33 IST" duration-ms="1464" status="PASS">
          <reporter-output>
          </reporter-output>
        </test-method> <!-- setUpTest -->
        <test-method signature="testContinueShoppingFromCart()[pri:0, instance:tests.CartTest@4681c175]" started-at="2025-09-08T19:38:33 IST" name="testContinueShoppingFromCart" finished-at="2025-09-08T19:38:33 IST" duration-ms="622" status="PASS">
          <reporter-output>
          </reporter-output>
        </test-method> <!-- testContinueShoppingFromCart -->
        <test-method is-config="true" signature="tearDown()[pri:0, instance:tests.CartTest@4681c175]" started-at="2025-09-08T19:38:33 IST" name="tearDown" finished-at="2025-09-08T19:38:33 IST" duration-ms="308" status="PASS">
          <reporter-output>
          </reporter-output>
        </test-method> <!-- tearDown -->
        <test-method is-config="true" signature="setUp()[pri:0, instance:tests.CartTest@4681c175]" started-at="2025-09-08T19:38:33 IST" name="setUp" finished-at="2025-09-08T19:38:35 IST" duration-ms="1795" status="PASS">
          <reporter-output>
          </reporter-output>
        </test-method> <!-- setUp -->
        <test-method is-config="true" signature="setUpTest()[pri:0, instance:tests.CartTest@4681c175]" started-at="2025-09-08T19:38:35 IST" name="setUpTest" finished-at="2025-09-08T19:38:38 IST" duration-ms="2348" status="PASS">
          <reporter-output>
          </reporter-output>
        </test-method> <!-- setUpTest -->
        <test-method signature="testProceedToCheckout()[pri:0, instance:tests.CartTest@4681c175]" started-at="2025-09-08T19:38:38 IST" name="testProceedToCheckout" finished-at="2025-09-08T19:38:38 IST" duration-ms="533" status="PASS">
          <reporter-output>
          </reporter-output>
        </test-method> <!-- testProceedToCheckout -->
        <test-method is-config="true" signature="tearDown()[pri:0, instance:tests.CartTest@4681c175]" started-at="2025-09-08T19:38:38 IST" name="tearDown" finished-at="2025-09-08T19:38:38 IST" duration-ms="309" status="PASS">
          <reporter-output>
          </reporter-output>
        </test-method> <!-- tearDown -->
        <test-method is-config="true" signature="setUp()[pri:0, instance:tests.CartTest@4681c175]" started-at="2025-09-08T19:38:38 IST" name="setUp" finished-at="2025-09-08T19:38:40 IST" duration-ms="1741" status="PASS">
          <reporter-output>
          </reporter-output>
        </test-method> <!-- setUp -->
        <test-method is-config="true" signature="setUpTest()[pri:0, instance:tests.CartTest@4681c175]" started-at="2025-09-08T19:38:40 IST" name="setUpTest" finished-at="2025-09-08T19:38:42 IST" duration-ms="1431" status="PASS">
          <reporter-output>
          </reporter-output>
        </test-method> <!-- setUpTest -->
        <test-method signature="testRemoveItemFromCart()[pri:0, instance:tests.CartTest@4681c175]" started-at="2025-09-08T19:38:42 IST" name="testRemoveItemFromCart" finished-at="2025-09-08T19:38:52 IST" duration-ms="10546" status="PASS">
          <reporter-output>
          </reporter-output>
        </test-method> <!-- testRemoveItemFromCart -->
        <test-method is-config="true" signature="tearDown()[pri:0, instance:tests.CartTest@4681c175]" started-at="2025-09-08T19:38:52 IST" name="tearDown" finished-at="2025-09-08T19:38:54 IST" duration-ms="1951" status="PASS">
          <reporter-output>
          </reporter-output>
        </test-method> <!-- tearDown -->
        <test-method is-config="true" signature="setUp()[pri:0, instance:tests.CartTest@4681c175]" started-at="2025-09-08T19:38:54 IST" name="setUp" finished-at="2025-09-08T19:38:56 IST" duration-ms="1914" status="PASS">
          <reporter-output>
          </reporter-output>
        </test-method> <!-- setUp -->
        <test-method is-config="true" signature="setUpTest()[pri:0, instance:tests.CartTest@4681c175]" started-at="2025-09-08T19:38:56 IST" name="setUpTest" finished-at="2025-09-08T19:38:59 IST" duration-ms="3437" status="PASS">
          <reporter-output>
          </reporter-output>
        </test-method> <!-- setUpTest -->
        <test-method signature="testVerifyCartItems()[pri:0, instance:tests.CartTest@4681c175]" started-at="2025-09-08T19:38:59 IST" name="testVerifyCartItems" finished-at="2025-09-08T19:39:00 IST" duration-ms="642" status="PASS">
          <reporter-output>
          </reporter-output>
        </test-method> <!-- testVerifyCartItems -->
        <test-method is-config="true" signature="tearDown()[pri:0, instance:tests.CartTest@4681c175]" started-at="2025-09-08T19:39:00 IST" name="tearDown" finished-at="2025-09-08T19:39:00 IST" duration-ms="302" status="PASS">
          <reporter-output>
          </reporter-output>
        </test-method> <!-- tearDown -->
      </class> <!-- tests.CartTest -->
      <class name="tests.ProductTest">
        <test-method is-config="true" signature="setUp()[pri:0, instance:tests.ProductTest@7f485fda]" started-at="2025-09-08T19:37:12 IST" name="setUp" finished-at="2025-09-08T19:37:17 IST" duration-ms="4582" status="PASS">
          <reporter-output>
          </reporter-output>
        </test-method> <!-- setUp -->
        <test-method is-config="true" signature="setUpTest()[pri:0, instance:tests.ProductTest@7f485fda]" started-at="2025-09-08T19:37:17 IST" name="setUpTest" finished-at="2025-09-08T19:37:19 IST" duration-ms="1684" status="PASS">
          <reporter-output>
          </reporter-output>
        </test-method> <!-- setUpTest -->
        <test-method signature="testAddMultipleProductsToCart()[pri:0, instance:tests.ProductTest@7f485fda]" started-at="2025-09-08T19:37:19 IST" name="testAddMultipleProductsToCart" finished-at="2025-09-08T19:37:19 IST" duration-ms="476" status="PASS">
          <reporter-output>
          </reporter-output>
        </test-method> <!-- testAddMultipleProductsToCart -->
        <test-method is-config="true" signature="tearDown()[pri:0, instance:tests.ProductTest@7f485fda]" started-at="2025-09-08T19:37:19 IST" name="tearDown" finished-at="2025-09-08T19:37:20 IST" duration-ms="381" status="PASS">
          <reporter-output>
          </reporter-output>
        </test-method> <!-- tearDown -->
        <test-method is-config="true" signature="setUp()[pri:0, instance:tests.ProductTest@7f485fda]" started-at="2025-09-08T19:37:20 IST" name="setUp" finished-at="2025-09-08T19:37:21 IST" duration-ms="1822" status="PASS">
          <reporter-output>
          </reporter-output>
        </test-method> <!-- setUp -->
        <test-method is-config="true" signature="setUpTest()[pri:0, instance:tests.ProductTest@7f485fda]" started-at="2025-09-08T19:37:21 IST" name="setUpTest" finished-at="2025-09-08T19:37:25 IST" duration-ms="3476" status="PASS">
          <reporter-output>
          </reporter-output>
        </test-method> <!-- setUpTest -->
        <test-method signature="testAddProductToCart()[pri:0, instance:tests.ProductTest@7f485fda]" started-at="2025-09-08T19:37:25 IST" name="testAddProductToCart" finished-at="2025-09-08T19:37:25 IST" duration-ms="255" status="PASS">
          <reporter-output>
          </reporter-output>
        </test-method> <!-- testAddProductToCart -->
        <test-method is-config="true" signature="tearDown()[pri:0, instance:tests.ProductTest@7f485fda]" started-at="2025-09-08T19:37:25 IST" name="tearDown" finished-at="2025-09-08T19:37:26 IST" duration-ms="294" status="PASS">
          <reporter-output>
          </reporter-output>
        </test-method> <!-- tearDown -->
        <test-method is-config="true" signature="setUp()[pri:0, instance:tests.ProductTest@7f485fda]" started-at="2025-09-08T19:37:26 IST" name="setUp" finished-at="2025-09-08T19:37:27 IST" duration-ms="1715" status="PASS">
          <reporter-output>
          </reporter-output>
        </test-method> <!-- setUp -->
        <test-method is-config="true" signature="setUpTest()[pri:0, instance:tests.ProductTest@7f485fda]" started-at="2025-09-08T19:37:27 IST" name="setUpTest" finished-at="2025-09-08T19:37:29 IST" duration-ms="1517" status="PASS">
          <reporter-output>
          </reporter-output>
        </test-method> <!-- setUpTest -->
        <test-method signature="testClickProductDetailsPage()[pri:0, instance:tests.ProductTest@7f485fda]" started-at="2025-09-08T19:37:29 IST" name="testClickProductDetailsPage" finished-at="2025-09-08T19:37:29 IST" duration-ms="246" status="PASS">
          <reporter-output>
          </reporter-output>
        </test-method> <!-- testClickProductDetailsPage -->
        <test-method is-config="true" signature="tearDown()[pri:0, instance:tests.ProductTest@7f485fda]" started-at="2025-09-08T19:37:29 IST" name="tearDown" finished-at="2025-09-08T19:37:29 IST" duration-ms="280" status="PASS">
          <reporter-output>
          </reporter-output>
        </test-method> <!-- tearDown -->
        <test-method is-config="true" signature="setUp()[pri:0, instance:tests.ProductTest@7f485fda]" started-at="2025-09-08T19:37:29 IST" name="setUp" finished-at="2025-09-08T19:37:31 IST" duration-ms="1729" status="PASS">
          <reporter-output>
          </reporter-output>
        </test-method> <!-- setUp -->
        <test-method is-config="true" signature="setUpTest()[pri:0, instance:tests.ProductTest@7f485fda]" started-at="2025-09-08T19:37:31 IST" name="setUpTest" finished-at="2025-09-08T19:37:34 IST" duration-ms="3037" status="PASS">
          <reporter-output>
          </reporter-output>
        </test-method> <!-- setUpTest -->
        <test-method signature="testProductListingPage()[pri:0, instance:tests.ProductTest@7f485fda]" started-at="2025-09-08T19:37:34 IST" name="testProductListingPage" finished-at="2025-09-08T19:37:34 IST" duration-ms="154" status="PASS">
          <reporter-output>
          </reporter-output>
        </test-method> <!-- testProductListingPage -->
        <test-method is-config="true" signature="tearDown()[pri:0, instance:tests.ProductTest@7f485fda]" started-at="2025-09-08T19:37:34 IST" name="tearDown" finished-at="2025-09-08T19:37:35 IST" duration-ms="518" status="PASS">
          <reporter-output>
          </reporter-output>
        </test-method> <!-- tearDown -->
        <test-method is-config="true" signature="setUp()[pri:0, instance:tests.ProductTest@7f485fda]" started-at="2025-09-08T19:37:35 IST" name="setUp" finished-at="2025-09-08T19:37:37 IST" duration-ms="2002" status="PASS">
          <reporter-output>
          </reporter-output>
        </test-method> <!-- setUp -->
        <test-method is-config="true" signature="setUpTest()[pri:0, instance:tests.ProductTest@7f485fda]" started-at="2025-09-08T19:37:37 IST" name="setUpTest" finished-at="2025-09-08T19:37:39 IST" duration-ms="2571" status="PASS">
          <reporter-output>
          </reporter-output>
        </test-method> <!-- setUpTest -->
        <test-method signature="testProductNamesAndPricesDisplayed()[pri:0, instance:tests.ProductTest@7f485fda]" started-at="2025-09-08T19:37:39 IST" name="testProductNamesAndPricesDisplayed" finished-at="2025-09-08T19:37:39 IST" duration-ms="82" status="PASS">
          <reporter-output>
          </reporter-output>
        </test-method> <!-- testProductNamesAndPricesDisplayed -->
        <test-method is-config="true" signature="tearDown()[pri:0, instance:tests.ProductTest@7f485fda]" started-at="2025-09-08T19:37:39 IST" name="tearDown" finished-at="2025-09-08T19:37:40 IST" duration-ms="377" status="PASS">
          <reporter-output>
          </reporter-output>
        </test-method> <!-- tearDown -->
        <test-method is-config="true" signature="setUp()[pri:0, instance:tests.ProductTest@7f485fda]" started-at="2025-09-08T19:37:40 IST" name="setUp" finished-at="2025-09-08T19:37:41 IST" duration-ms="1630" status="PASS">
          <reporter-output>
          </reporter-output>
        </test-method> <!-- setUp -->
        <test-method is-config="true" signature="setUpTest()[pri:0, instance:tests.ProductTest@7f485fda]" started-at="2025-09-08T19:37:41 IST" name="setUpTest" finished-at="2025-09-08T19:37:43 IST" duration-ms="1559" status="PASS">
          <reporter-output>
          </reporter-output>
        </test-method> <!-- setUpTest -->
        <test-method signature="testRemoveProductFromCart()[pri:0, instance:tests.ProductTest@7f485fda]" started-at="2025-09-08T19:37:43 IST" name="testRemoveProductFromCart" finished-at="2025-09-08T19:37:43 IST" duration-ms="510" status="PASS">
          <reporter-output>
          </reporter-output>
        </test-method> <!-- testRemoveProductFromCart -->
        <test-method is-config="true" signature="tearDown()[pri:0, instance:tests.ProductTest@7f485fda]" started-at="2025-09-08T19:37:43 IST" name="tearDown" finished-at="2025-09-08T19:37:44 IST" duration-ms="281" status="PASS">
          <reporter-output>
          </reporter-output>
        </test-method> <!-- tearDown -->
        <test-method is-config="true" signature="setUp()[pri:0, instance:tests.ProductTest@7f485fda]" started-at="2025-09-08T19:37:44 IST" name="setUp" finished-at="2025-09-08T19:37:45 IST" duration-ms="1659" status="PASS">
          <reporter-output>
          </reporter-output>
        </test-method> <!-- setUp -->
        <test-method is-config="true" signature="setUpTest()[pri:0, instance:tests.ProductTest@7f485fda]" started-at="2025-09-08T19:37:45 IST" name="setUpTest" finished-at="2025-09-08T19:37:47 IST" duration-ms="1438" status="PASS">
          <reporter-output>
          </reporter-output>
        </test-method> <!-- setUpTest -->
        <test-method signature="testSortingOptions()[pri:0, instance:tests.ProductTest@7f485fda]" started-at="2025-09-08T19:37:47 IST" name="testSortingOptions" finished-at="2025-09-08T19:37:48 IST" duration-ms="690" status="PASS">
          <reporter-output>
          </reporter-output>
        </test-method> <!-- testSortingOptions -->
        <test-method is-config="true" signature="tearDown()[pri:0, instance:tests.ProductTest@7f485fda]" started-at="2025-09-08T19:37:48 IST" name="tearDown" finished-at="2025-09-08T19:37:48 IST" duration-ms="349" status="PASS">
          <reporter-output>
          </reporter-output>
        </test-method> <!-- tearDown -->
      </class> <!-- tests.ProductTest -->
      <class name="tests.CheckoutTest">
        <test-method is-config="true" signature="setUp()[pri:0, instance:tests.CheckoutTest@57a78e3]" started-at="2025-09-08T19:39:00 IST" name="setUp" finished-at="2025-09-08T19:39:02 IST" duration-ms="1770" status="PASS">
          <reporter-output>
          </reporter-output>
        </test-method> <!-- setUp -->
        <test-method is-config="true" signature="setUpTest()[pri:0, instance:tests.CheckoutTest@57a78e3]" started-at="2025-09-08T19:39:02 IST" name="setUpTest" finished-at="2025-09-08T19:39:04 IST" duration-ms="1957" status="PASS">
          <reporter-output>
          </reporter-output>
        </test-method> <!-- setUpTest -->
        <test-method signature="testBackHomeFromCheckoutComplete()[pri:0, instance:tests.CheckoutTest@57a78e3]" started-at="2025-09-08T19:39:04 IST" name="testBackHomeFromCheckoutComplete" finished-at="2025-09-08T19:39:05 IST" duration-ms="843" status="PASS">
          <reporter-output>
          </reporter-output>
        </test-method> <!-- testBackHomeFromCheckoutComplete -->
        <test-method is-config="true" signature="tearDown()[pri:0, instance:tests.CheckoutTest@57a78e3]" started-at="2025-09-08T19:39:05 IST" name="tearDown" finished-at="2025-09-08T19:39:05 IST" duration-ms="333" status="PASS">
          <reporter-output>
          </reporter-output>
        </test-method> <!-- tearDown -->
        <test-method is-config="true" signature="setUp()[pri:0, instance:tests.CheckoutTest@57a78e3]" started-at="2025-09-08T19:39:05 IST" name="setUp" finished-at="2025-09-08T19:39:07 IST" duration-ms="1663" status="PASS">
          <reporter-output>
          </reporter-output>
        </test-method> <!-- setUp -->
        <test-method is-config="true" signature="setUpTest()[pri:0, instance:tests.CheckoutTest@57a78e3]" started-at="2025-09-08T19:39:07 IST" name="setUpTest" finished-at="2025-09-08T19:39:10 IST" duration-ms="3420" status="PASS">
          <reporter-output>
          </reporter-output>
        </test-method> <!-- setUpTest -->
        <test-method signature="testCancelCheckout()[pri:0, instance:tests.CheckoutTest@57a78e3]" started-at="2025-09-08T19:39:10 IST" name="testCancelCheckout" finished-at="2025-09-08T19:39:11 IST" duration-ms="712" status="PASS">
          <reporter-output>
          </reporter-output>
        </test-method> <!-- testCancelCheckout -->
        <test-method is-config="true" signature="tearDown()[pri:0, instance:tests.CheckoutTest@57a78e3]" started-at="2025-09-08T19:39:11 IST" name="tearDown" finished-at="2025-09-08T19:39:11 IST" duration-ms="322" status="PASS">
          <reporter-output>
          </reporter-output>
        </test-method> <!-- tearDown -->
        <test-method is-config="true" signature="setUp()[pri:0, instance:tests.CheckoutTest@57a78e3]" started-at="2025-09-08T19:39:11 IST" name="setUp" finished-at="2025-09-08T19:39:13 IST" duration-ms="1666" status="PASS">
          <reporter-output>
          </reporter-output>
        </test-method> <!-- setUp -->
        <test-method is-config="true" signature="setUpTest()[pri:0, instance:tests.CheckoutTest@57a78e3]" started-at="2025-09-08T19:39:13 IST" name="setUpTest" finished-at="2025-09-08T19:39:17 IST" duration-ms="3373" status="PASS">
          <reporter-output>
          </reporter-output>
        </test-method> <!-- setUpTest -->
        <test-method signature="testCompleteCheckoutValidData()[pri:0, instance:tests.CheckoutTest@57a78e3]" started-at="2025-09-08T19:39:17 IST" name="testCompleteCheckoutValidData" finished-at="2025-09-08T19:39:17 IST" duration-ms="726" status="PASS">
          <reporter-output>
          </reporter-output>
        </test-method> <!-- testCompleteCheckoutValidData -->
        <test-method is-config="true" signature="tearDown()[pri:0, instance:tests.CheckoutTest@57a78e3]" started-at="2025-09-08T19:39:17 IST" name="tearDown" finished-at="2025-09-08T19:39:18 IST" duration-ms="331" status="PASS">
          <reporter-output>
          </reporter-output>
        </test-method> <!-- tearDown -->
        <test-method is-config="true" signature="setUp()[pri:0, instance:tests.CheckoutTest@57a78e3]" started-at="2025-09-08T19:39:18 IST" name="setUp" finished-at="2025-09-08T19:39:19 IST" duration-ms="1671" status="PASS">
          <reporter-output>
          </reporter-output>
        </test-method> <!-- setUp -->
        <test-method is-config="true" signature="setUpTest()[pri:0, instance:tests.CheckoutTest@57a78e3]" started-at="2025-09-08T19:39:19 IST" name="setUpTest" finished-at="2025-09-08T19:39:22 IST" duration-ms="3169" status="PASS">
          <reporter-output>
          </reporter-output>
        </test-method> <!-- setUpTest -->
        <test-method signature="testEmptyFirstName()[pri:0, instance:tests.CheckoutTest@57a78e3]" started-at="2025-09-08T19:39:22 IST" name="testEmptyFirstName" finished-at="2025-09-08T19:39:23 IST" duration-ms="425" status="PASS">
          <reporter-output>
          </reporter-output>
        </test-method> <!-- testEmptyFirstName -->
        <test-method is-config="true" signature="tearDown()[pri:0, instance:tests.CheckoutTest@57a78e3]" started-at="2025-09-08T19:39:23 IST" name="tearDown" finished-at="2025-09-08T19:39:23 IST" duration-ms="340" status="PASS">
          <reporter-output>
          </reporter-output>
        </test-method> <!-- tearDown -->
        <test-method is-config="true" signature="setUp()[pri:0, instance:tests.CheckoutTest@57a78e3]" started-at="2025-09-08T19:39:23 IST" name="setUp" finished-at="2025-09-08T19:39:25 IST" duration-ms="1744" status="PASS">
          <reporter-output>
          </reporter-output>
        </test-method> <!-- setUp -->
        <test-method is-config="true" signature="setUpTest()[pri:0, instance:tests.CheckoutTest@57a78e3]" started-at="2025-09-08T19:39:25 IST" name="setUpTest" finished-at="2025-09-08T19:39:28 IST" duration-ms="3495" status="PASS">
          <reporter-output>
          </reporter-output>
        </test-method> <!-- setUpTest -->
        <test-method signature="testEmptyPostalCode()[pri:0, instance:tests.CheckoutTest@57a78e3]" started-at="2025-09-08T19:39:28 IST" name="testEmptyPostalCode" finished-at="2025-09-08T19:39:29 IST" duration-ms="480" status="PASS">
          <reporter-output>
          </reporter-output>
        </test-method> <!-- testEmptyPostalCode -->
        <test-method is-config="true" signature="tearDown()[pri:0, instance:tests.CheckoutTest@57a78e3]" started-at="2025-09-08T19:39:29 IST" name="tearDown" finished-at="2025-09-08T19:39:29 IST" duration-ms="306" status="PASS">
          <reporter-output>
          </reporter-output>
        </test-method> <!-- tearDown -->
        <test-method is-config="true" signature="setUp()[pri:0, instance:tests.CheckoutTest@57a78e3]" started-at="2025-09-08T19:39:29 IST" name="setUp" finished-at="2025-09-08T19:39:31 IST" duration-ms="1674" status="PASS">
          <reporter-output>
          </reporter-output>
        </test-method> <!-- setUp -->
        <test-method is-config="true" signature="setUpTest()[pri:0, instance:tests.CheckoutTest@57a78e3]" started-at="2025-09-08T19:39:31 IST" name="setUpTest" finished-at="2025-09-08T19:39:33 IST" duration-ms="1955" status="PASS">
          <reporter-output>
          </reporter-output>
        </test-method> <!-- setUpTest -->
        <test-method signature="testOrderConfirmationPage()[pri:0, instance:tests.CheckoutTest@57a78e3]" started-at="2025-09-08T19:39:33 IST" name="testOrderConfirmationPage" finished-at="2025-09-08T19:39:34 IST" duration-ms="730" status="PASS">
          <reporter-output>
          </reporter-output>
        </test-method> <!-- testOrderConfirmationPage -->
        <test-method is-config="true" signature="tearDown()[pri:0, instance:tests.CheckoutTest@57a78e3]" started-at="2025-09-08T19:39:34 IST" name="tearDown" finished-at="2025-09-08T19:39:34 IST" duration-ms="355" status="PASS">
          <reporter-output>
          </reporter-output>
        </test-method> <!-- tearDown -->
        <test-method is-config="true" signature="setUp()[pri:0, instance:tests.CheckoutTest@57a78e3]" started-at="2025-09-08T19:39:34 IST" name="setUp" finished-at="2025-09-08T19:39:36 IST" duration-ms="1723" status="PASS">
          <reporter-output>
          </reporter-output>
        </test-method> <!-- setUp -->
        <test-method is-config="true" signature="setUpTest()[pri:0, instance:tests.CheckoutTest@57a78e3]" started-at="2025-09-08T19:39:36 IST" name="setUpTest" finished-at="2025-09-08T19:39:54 IST" duration-ms="18372" status="PASS">
          <reporter-output>
          </reporter-output>
        </test-method> <!-- setUpTest -->
        <test-method signature="testOrderSummaryValidation()[pri:0, instance:tests.CheckoutTest@57a78e3]" started-at="2025-09-08T19:39:54 IST" name="testOrderSummaryValidation" finished-at="2025-09-08T19:39:55 IST" duration-ms="687" status="PASS">
          <reporter-output>
          </reporter-output>
        </test-method> <!-- testOrderSummaryValidation -->
        <test-method is-config="true" signature="tearDown()[pri:0, instance:tests.CheckoutTest@57a78e3]" started-at="2025-09-08T19:39:55 IST" name="tearDown" finished-at="2025-09-08T19:39:55 IST" duration-ms="442" status="PASS">
          <reporter-output>
          </reporter-output>
        </test-method> <!-- tearDown -->
      </class> <!-- tests.CheckoutTest -->
    </test> <!-- Test -->
  </suite> <!-- Suite -->
</testng-results>
